[2025-04-19 12:06:45] [32minfo[39m: Servidor iniciado en http://localhost:3000
[2025-04-19 12:06:45] [32minfo[39m: Cliente conectado al visor.
[2025-04-19 12:07:24] [32minfo[39m: Cliente desconectado del visor.
[2025-04-19 12:52:09] [32minfo[39m: Servidor iniciado en http://localhost:3000
[2025-04-19 13:22:53] [32minfo[39m: Servidor iniciado en http://localhost:3000
[2025-04-20 12:17:41] [32minfo[39m: Servidor iniciado en http://localhost:3000
[2025-04-20 17:05:35] [32minfo[39m: Servidor iniciado en http://localhost:3000
[2025-04-20 17:35:22] [32minfo[39m: Servidor iniciado en http://localhost:3000
[2025-04-20 17:43:02] [32minfo[39m: Servidor iniciado en http://localhost:3000
[2025-04-20 19:29:17] [32minfo[39m: Servidor iniciado en http://localhost:3000
[2025-04-20 19:38:34] [32minfo[39m: Servidor iniciado en http://localhost:3000
[2025-04-20 19:59:29] [32minfo[39m: Servidor iniciado en http://localhost:3000
[2025-04-21 20:52:23] [32minfo[39m: Servidor iniciado en http://localhost:3000
[2025-04-22 08:52:18] [32minfo[39m: Servidor iniciado en http://localhost:3000
[2025-04-22 09:14:05] [32minfo[39m: Servidor iniciado en http://localhost:3000
[2025-04-22 09:38:35] [32minfo[39m: Servidor iniciado en http://localhost:3000
[2025-04-22 09:40:44] [32minfo[39m: Servidor iniciado en http://localhost:3000
[2025-04-22 09:53:07] [32minfo[39m: Servidor iniciado en http://localhost:3000
[2025-04-22 10:41:05] [32minfo[39m: Servidor iniciado en http://localhost:3000
[2025-04-22 12:12:24] [32minfo[39m: Servidor iniciado en http://localhost:3000
[2025-04-22 12:38:30] [32minfo[39m: Servidor iniciado en http://localhost:3000
[2025-04-22 14:38:38] [32minfo[39m: Servidor iniciado en http://localhost:3000
[2025-04-22 15:06:44] [32minfo[39m: Servidor iniciado en http://localhost:3000
[2025-04-23 09:20:28] [32minfo[39m: Servidor iniciado en http://localhost:3000
[2025-04-23 09:30:59] [32minfo[39m: Servidor iniciado en http://localhost:3000
[2025-04-23 10:59:35] [32minfo[39m: Servidor iniciado en http://localhost:3000
[2025-04-23 11:10:27] [32minfo[39m: Servidor iniciado en http://localhost:3000
[2025-04-23 11:20:24] [32minfo[39m: Servidor iniciado en http://localhost:3000
[2025-04-23 11:46:18] [32minfo[39m: Servidor iniciado en http://localhost:3000
[2025-04-23 15:04:46] [32minfo[39m: Servidor iniciado en http://localhost:3000
[2025-04-23 15:10:31] [32minfo[39m: Servidor iniciado en http://localhost:3000
[2025-04-23 15:13:37] [32minfo[39m: Servidor iniciado en http://localhost:3000
[2025-04-23 16:15:46] [32minfo[39m: Servidor iniciado en http://localhost:3000
[2025-04-23 16:21:51] [32minfo[39m: Servidor iniciado en http://localhost:3000
[2025-04-24 07:48:46] [32minfo[39m: Servidor iniciado en http://localhost:3000
[2025-04-24 08:30:19] [32minfo[39m: Servidor iniciado en http://localhost:3000
[2025-04-24 08:52:48] [32minfo[39m: Servidor iniciado en http://localhost:3000
[2025-04-24 09:14:11] [32minfo[39m: Servidor iniciado en http://localhost:3000
[2025-04-24 10:21:17] [32minfo[39m: Servidor iniciado en http://localhost:3000
[2025-04-24 11:27:04] [32minfo[39m: Servidor iniciado en http://localhost:3000
[2025-04-24 14:01:54] [32minfo[39m: Servidor iniciado en http://localhost:3000
[2025-04-24 14:29:24] [32minfo[39m: Servidor iniciado en http://localhost:3000
[2025-04-24 14:32:20] [32minfo[39m: Servidor iniciado en http://localhost:3000
[2025-04-24 14:34:17] [32minfo[39m: Servidor iniciado en http://localhost:3000
[2025-04-24 15:38:19] [32minfo[39m: Servidor iniciado en http://localhost:3000
[2025-04-25 10:47:17] [32minfo[39m: Servidor iniciado en http://localhost:3000
[2025-04-25 10:54:51] [32minfo[39m: Servidor iniciado en http://localhost:3000
[2025-04-25 10:55:06] [32minfo[39m: Servidor iniciado en http://localhost:3000
[2025-04-25 11:24:10] [32minfo[39m: Servidor iniciado en http://localhost:3000
[2025-04-25 11:34:30] [32minfo[39m: Servidor iniciado en http://localhost:3000
[2025-04-25 13:24:29] [32minfo[39m: Servidor iniciado en http://localhost:3000
[2025-04-28 08:02:23] [32minfo[39m: Servidor iniciado en http://localhost:3000
[2025-04-29 14:31:56] [32minfo[39m: Servidor iniciado en http://localhost:3000
[2025-04-29 14:36:10] [32minfo[39m: Servidor iniciado en http://localhost:3000
[2025-04-29 15:01:03] [32minfo[39m: Servidor iniciado en http://localhost:3000
[2025-04-29 15:07:39] [32minfo[39m: Servidor iniciado en http://localhost:3000
[2025-04-29 15:11:51] [32minfo[39m: Servidor iniciado en http://localhost:3000
[2025-04-29 15:30:28] [32minfo[39m: Servidor iniciado en http://localhost:3000
[2025-04-29 19:42:12] [32minfo[39m: Servidor iniciado en http://localhost:3000
[2025-04-29 19:51:16] [32minfo[39m: Servidor iniciado en http://localhost:3000
[2025-04-29 19:58:38] [32minfo[39m: Servidor iniciado en http://localhost:3000
[2025-04-29 20:18:30] [32minfo[39m: Servidor iniciado en http://localhost:3000
[2025-04-29 20:35:12] [32minfo[39m: Servidor iniciado en http://localhost:3000
[2025-04-29 20:43:02] [32minfo[39m: Servidor iniciado en http://localhost:3000
[2025-04-29 20:56:42] [32minfo[39m: Servidor iniciado en http://localhost:3000
[2025-04-29 21:05:52] [32minfo[39m: Servidor iniciado en http://localhost:3000
[2025-04-29 21:09:16] [32minfo[39m: Servidor iniciado en http://localhost:3000
[2025-04-29 21:14:34] [32minfo[39m: Servidor iniciado en http://localhost:3000
[2025-04-29 21:33:37] [32minfo[39m: Servidor iniciado en http://localhost:3000
[2025-04-29 21:44:24] [32minfo[39m: Servidor iniciado en http://localhost:3000
[2025-04-30 09:51:19] [32minfo[39m: Servidor iniciado en http://localhost:3000
[2025-04-30 10:19:24] [32minfo[39m: Servidor iniciado en http://localhost:3000
[2025-04-30 11:31:56] [32minfo[39m: Servidor iniciado en http://localhost:3000
[2025-04-30 11:33:02] [32minfo[39m: Servidor iniciado en http://localhost:3000
[2025-04-30 11:40:13] [32minfo[39m: Servidor iniciado en http://localhost:3000
[2025-04-30 11:45:43] [32minfo[39m: Servidor iniciado en http://localhost:3000
[2025-04-30 11:56:46] [32minfo[39m: Servidor iniciado en http://localhost:3000
[2025-04-30 12:17:36] [32minfo[39m: Servidor iniciado en http://localhost:3000
[2025-04-30 12:25:11] [32minfo[39m: Servidor iniciado en http://localhost:3000
[2025-04-30 12:34:22] [32minfo[39m: Servidor iniciado en http://localhost:3000
[2025-04-30 12:37:44] [32minfo[39m: Servidor iniciado en http://localhost:3000
[2025-04-30 12:47:09] [32minfo[39m: Servidor iniciado en http://localhost:3000
[2025-04-30 13:59:45] [32minfo[39m: Servidor iniciado en http://localhost:3000
[2025-04-30 14:15:34] [32minfo[39m: Servidor iniciado en http://localhost:3000
[2025-04-30 14:17:30] [32minfo[39m: Servidor iniciado en http://localhost:3000
[2025-04-30 14:20:55] [32minfo[39m: Servidor iniciado en http://localhost:3000
[2025-04-30 14:25:46] [32minfo[39m: Servidor iniciado en http://localhost:3000
[2025-04-30 14:38:29] [32minfo[39m: Servidor iniciado en http://localhost:3000
[2025-04-30 14:40:36] [32minfo[39m: Servidor iniciado en http://localhost:3000
[2025-04-30 14:47:41] [32minfo[39m: Servidor iniciado en http://localhost:3000
[2025-04-30 14:50:58] [32minfo[39m: Servidor iniciado en http://localhost:3000
[2025-04-30 14:57:30] [32minfo[39m: Servidor iniciado en http://localhost:3000
[2025-05-01 10:14:42] [32minfo[39m: Servidor iniciado en http://localhost:3000
[2025-05-01 12:22:48] [32minfo[39m: Servidor iniciado en http://localhost:3000
[2025-05-01 12:23:58] [32minfo[39m: Servidor iniciado en http://localhost:3000
[2025-05-01 12:31:52] [32minfo[39m: Servidor iniciado en http://localhost:3000
[2025-05-01 12:33:05] [32minfo[39m: Servidor iniciado en http://localhost:3000
[2025-05-01 12:38:12] [32minfo[39m: Servidor iniciado en http://localhost:3000
[2025-05-01 12:45:26] [32minfo[39m: Servidor iniciado en http://localhost:3000
[2025-05-01 12:53:04] [32minfo[39m: Servidor iniciado en http://localhost:3000
[2025-05-01 13:02:32] [32minfo[39m: Servidor iniciado en http://localhost:3000
[2025-05-01 13:06:44] [32minfo[39m: Servidor iniciado en http://localhost:3000
[2025-05-01 13:07:18] [32minfo[39m: Servidor iniciado en http://localhost:3000
[2025-05-01 13:08:57] [32minfo[39m: Servidor iniciado en http://localhost:3000
[2025-05-01 13:17:58] [32minfo[39m: Servidor iniciado en http://localhost:3000
[2025-05-01 13:28:52] [32minfo[39m: Servidor iniciado en http://localhost:3000
[2025-05-01 13:32:18] [32minfo[39m: Servidor iniciado en http://localhost:3000
[2025-05-01 13:34:11] [32minfo[39m: Servidor iniciado en http://localhost:3000
[2025-05-01 13:35:01] [32minfo[39m: Servidor iniciado en http://localhost:3000
[2025-05-01 13:40:06] [32minfo[39m: Servidor iniciado en http://localhost:3000
[2025-05-01 13:48:47] [32minfo[39m: Servidor iniciado en http://localhost:3000
[2025-05-01 13:50:05] [32minfo[39m: Servidor iniciado en http://localhost:3000
[2025-05-01 13:59:37] [32minfo[39m: Servidor iniciado en http://localhost:3000
[2025-05-01 14:02:21] [32minfo[39m: Servidor iniciado en http://localhost:3000
[2025-05-01 17:09:02] [32minfo[39m: Servidor iniciado en http://localhost:3000
[2025-05-01 17:12:25] [32minfo[39m: Servidor iniciado en http://localhost:3000
[2025-05-01 17:14:37] [32minfo[39m: Servidor iniciado en http://localhost:3000
[2025-05-01 21:12:34] [32minfo[39m: Servidor iniciado en http://localhost:3000
[2025-05-01 21:24:10] [32minfo[39m: Servidor iniciado en http://localhost:3000
[2025-05-01 21:32:55] [32minfo[39m: Servidor iniciado en http://localhost:3000
[2025-05-02 11:56:16] [32minfo[39m: Servidor iniciado en http://localhost:3000
[2025-05-02 12:03:08] [32minfo[39m: Servidor iniciado en http://localhost:3000
[2025-05-02 12:08:21] [32minfo[39m: Servidor iniciado en http://localhost:3000
[2025-05-02 13:44:39] [32minfo[39m: Servidor iniciado en http://localhost:3000
[2025-05-02 13:45:55] [32minfo[39m: Servidor iniciado en http://localhost:3000
[2025-05-02 14:10:27] [32minfo[39m: Servidor iniciado en http://localhost:3000
[2025-05-03 08:42:20] [32minfo[39m: Servidor iniciado en http://localhost:3000
[2025-05-03 11:06:09] [32minfo[39m: Servidor iniciado en http://localhost:3000
[2025-05-03 12:24:18] [32minfo[39m: Servidor iniciado en http://localhost:3000
[2025-05-03 12:44:22] [32minfo[39m: Servidor iniciado en http://localhost:3000
[2025-05-03 13:13:41] [32minfo[39m: Servidor iniciado en http://localhost:3000
[2025-05-03 13:22:39] [32minfo[39m: Servidor iniciado en http://localhost:3000
[2025-05-03 13:23:15] [32minfo[39m: Servidor iniciado en http://localhost:3000
[2025-05-03 13:50:51] [32minfo[39m: Servidor iniciado en http://localhost:3000
[2025-05-03 13:57:10] [32minfo[39m: Servidor iniciado en http://localhost:3000
[2025-05-03 14:02:47] [32minfo[39m: Servidor iniciado en http://localhost:3000
[2025-05-03 14:22:03] [32minfo[39m: Servidor iniciado en http://localhost:3000
[2025-05-03 14:48:36] [32minfo[39m: Servidor iniciado en http://localhost:3000
[2025-05-03 15:03:53] [32minfo[39m: Servidor iniciado en http://localhost:3000
[2025-05-03 17:28:00] [32minfo[39m: Servidor iniciado en http://localhost:3000
[2025-05-03 17:30:39] [32minfo[39m: Servidor iniciado en http://localhost:3000
[2025-05-03 17:31:40] [32minfo[39m: Servidor iniciado en http://localhost:3000
[2025-05-03 17:32:30] [32minfo[39m: Servidor iniciado en http://localhost:3000
[2025-05-03 17:33:42] [32minfo[39m: Servidor iniciado en http://localhost:3000
<<<<<<< HEAD
[2025-05-04 09:24:55] [32minfo[39m: Servidor iniciado en http://localhost:3000
[2025-05-04 09:37:06] [32minfo[39m: Servidor iniciado en http://localhost:3000
[2025-05-04 09:44:08] [32minfo[39m: Servidor iniciado en http://localhost:3000
[2025-05-04 09:57:12] [32minfo[39m: Servidor iniciado en http://localhost:3000
[2025-05-04 10:00:25] [32minfo[39m: Servidor iniciado en http://localhost:3000
[2025-05-04 10:38:30] [32minfo[39m: Servidor iniciado en http://localhost:3000
[2025-05-04 11:02:38] [32minfo[39m: Servidor iniciado en http://localhost:3000
[2025-05-04 11:12:09] [32minfo[39m: Servidor iniciado en http://localhost:3000
[2025-05-04 11:27:03] [32minfo[39m: Servidor iniciado en http://localhost:3000
[2025-05-04 11:29:46] [32minfo[39m: Servidor iniciado en http://localhost:3000
[2025-05-04 11:35:37] [32minfo[39m: Servidor iniciado en http://localhost:3000
[2025-05-04 11:53:08] [32minfo[39m: Servidor iniciado en http://localhost:3000
[2025-05-04 12:02:06] [32minfo[39m: Servidor iniciado en http://localhost:3000
[2025-05-04 12:06:25] [32minfo[39m: Servidor iniciado en http://localhost:3000
[2025-05-04 18:48:52] [32minfo[39m: Servidor iniciado en http://localhost:3000
[2025-05-04 18:58:28] [32minfo[39m: Servidor iniciado en http://localhost:3000
[2025-05-04 19:04:09] [32minfo[39m: Servidor iniciado en http://localhost:3000
[2025-05-04 19:08:09] [32minfo[39m: Servidor iniciado en http://localhost:3000
[2025-05-04 19:11:23] [32minfo[39m: Servidor iniciado en http://localhost:3000
[2025-05-04 19:13:09] [32minfo[39m: Servidor iniciado en http://localhost:3000
[2025-05-04 19:16:13] [32minfo[39m: Servidor iniciado en http://localhost:3000
[2025-05-04 19:20:21] [32minfo[39m: Servidor iniciado en http://localhost:3000
[2025-05-04 19:25:31] [32minfo[39m: Servidor iniciado en http://localhost:3000
[2025-05-04 19:30:11] [32minfo[39m: Servidor iniciado en http://localhost:3000
[2025-05-04 19:33:04] [32minfo[39m: Servidor iniciado en http://localhost:3000
[2025-05-04 19:35:24] [32minfo[39m: Servidor iniciado en http://localhost:3000
[2025-05-04 19:40:40] [32minfo[39m: Servidor iniciado en http://localhost:3000
[2025-05-04 19:44:52] [32minfo[39m: Servidor iniciado en http://localhost:3000
[2025-05-04 19:48:42] [32minfo[39m: Servidor iniciado en http://localhost:3000
[2025-05-04 20:03:17] [32minfo[39m: Servidor iniciado en http://localhost:3000
[2025-05-04 20:03:52] [32minfo[39m: Servidor iniciado en http://localhost:3000
[2025-05-04 20:04:43] [32minfo[39m: Servidor iniciado en http://localhost:3000
[2025-05-04 20:09:41] [32minfo[39m: Servidor iniciado en http://localhost:3000
[2025-05-04 20:13:15] [32minfo[39m: Servidor iniciado en http://localhost:3000
[2025-05-04 20:17:45] [32minfo[39m: Servidor iniciado en http://localhost:3000
=======
>>>>>>> b9d380a3d48620688e1c7c4f26974395eab07ee8
[2025-05-05 13:17:56] [32minfo[39m: Servidor iniciado en http://localhost:3000
[2025-05-05 14:12:20] [32minfo[39m: Servidor iniciado en http://localhost:3000
[2025-05-05 14:22:42] [32minfo[39m: Servidor iniciado en http://localhost:3000
[2025-05-05 14:25:40] [32minfo[39m: Servidor iniciado en http://localhost:3000
[2025-05-05 14:36:11] [32minfo[39m: Servidor iniciado en http://localhost:3000
[2025-05-05 19:49:38] [32minfo[39m: Servidor iniciado en http://localhost:3000
[2025-05-05 20:16:27] [32minfo[39m: Servidor iniciado en http://localhost:3000
[2025-05-05 20:19:01] [32minfo[39m: Servidor iniciado en http://localhost:3000
[2025-05-05 20:25:34] [32minfo[39m: Servidor iniciado en http://localhost:3000
[2025-05-05 20:28:42] [32minfo[39m: Servidor iniciado en http://localhost:3000
[2025-05-05 20:32:44] [32minfo[39m: Servidor iniciado en http://localhost:3000
[2025-05-05 20:41:04] [32minfo[39m: Servidor iniciado en http://localhost:3000
[2025-05-05 20:49:38] [32minfo[39m: Servidor iniciado en http://localhost:3000
[2025-05-05 20:56:37] [32minfo[39m: Servidor iniciado en http://localhost:3000
[2025-05-06 08:43:03] [32minfo[39m: Servidor iniciado en http://localhost:3000
[2025-05-06 19:16:09] [32minfo[39m: Servidor iniciado en http://localhost:3000
[2025-05-06 19:33:45] [32minfo[39m: Servidor iniciado en http://localhost:3000
[2025-05-06 19:36:13] [32minfo[39m: Servidor iniciado en http://localhost:3000
[2025-05-06 19:38:18] [32minfo[39m: Servidor iniciado en http://localhost:3000
[2025-05-06 19:42:52] [32minfo[39m: Servidor iniciado en http://localhost:3000
[2025-05-06 19:44:08] [32minfo[39m: Servidor iniciado en http://localhost:3000
[2025-05-06 19:45:41] [32minfo[39m: Servidor iniciado en http://localhost:3000
[2025-05-06 19:52:36] [32minfo[39m: Servidor iniciado en http://localhost:3000
[2025-05-06 19:55:24] [32minfo[39m: Servidor iniciado en http://localhost:3000
[2025-05-06 20:02:15] [32minfo[39m: Servidor iniciado en http://localhost:3000
[2025-05-06 20:05:34] [32minfo[39m: Servidor iniciado en http://localhost:3000
[2025-05-06 20:10:39] [32minfo[39m: Servidor iniciado en http://localhost:3000
[2025-05-07 09:49:00] [32minfo[39m: Servidor iniciado en http://localhost:3000
[2025-05-07 09:54:28] [32minfo[39m: Servidor iniciado en http://localhost:3000
[2025-05-07 10:01:57] [32minfo[39m: Servidor iniciado en http://localhost:3000
[2025-05-12 15:12:32] [32minfo[39m: Servidor iniciado en http://localhost:3000
[2025-05-12 15:42:52] [32minfo[39m: Servidor iniciado en http://localhost:3000
[2025-05-13 09:22:08] [32minfo[39m: Servidor iniciado en http://localhost:3000
[2025-05-13 09:24:04] [32minfo[39m: Servidor iniciado en http://localhost:3000
[2025-05-13 09:35:44] [32minfo[39m: Servidor iniciado en http://localhost:3000
[2025-05-13 10:05:43] [32minfo[39m: Servidor iniciado en http://localhost:3000
[2025-05-13 10:48:53] [32minfo[39m: Servidor iniciado en http://localhost:3000
[2025-05-13 11:18:12] [32minfo[39m: Servidor iniciado en http://localhost:3000
[2025-05-13 14:13:28] [32minfo[39m: Servidor iniciado en http://localhost:3000
[2025-05-13 14:59:08] [32minfo[39m: Servidor iniciado en http://localhost:3000
[2025-05-13 17:30:21] [32minfo[39m: Servidor iniciado en http://localhost:3000
[2025-05-13 17:36:58] [32minfo[39m: Servidor iniciado en http://localhost:3000
[2025-05-13 18:20:09] [32minfo[39m: Servidor iniciado en http://localhost:3000
[2025-05-13 18:24:09] [32minfo[39m: Servidor iniciado en http://localhost:3000
[2025-05-13 18:47:22] [32minfo[39m: Servidor iniciado en http://localhost:3000
[2025-05-13 18:53:39] [32minfo[39m: Servidor iniciado en http://localhost:3000
[2025-05-13 18:58:18] [32minfo[39m: Servidor iniciado en http://localhost:3000
[2025-05-13 18:59:01] [32minfo[39m: Servidor iniciado en http://localhost:3000
[2025-05-13 18:59:25] [32minfo[39m: Servidor iniciado en http://localhost:3000
[2025-05-13 19:00:14] [32minfo[39m: Servidor iniciado en http://localhost:3000
[2025-05-13 19:02:08] [32minfo[39m: Servidor iniciado en http://localhost:3000
[2025-05-13 19:03:45] [32minfo[39m: Servidor iniciado en http://localhost:3000
[2025-05-13 19:51:26] [32minfo[39m: Servidor iniciado en http://localhost:3000
[2025-05-13 20:14:22] [32minfo[39m: Servidor iniciado en http://localhost:3000
[2025-05-13 20:40:25] [32minfo[39m: Servidor iniciado en http://localhost:3000
[2025-05-13 20:45:08] [32minfo[39m: Servidor iniciado en http://localhost:3000
[2025-05-13 20:58:30] [32minfo[39m: Servidor iniciado en http://localhost:3000
[2025-05-13 21:09:46] [32minfo[39m: Servidor iniciado en http://localhost:3000
[2025-05-14 09:27:36] [32minfo[39m: Servidor iniciado en http://localhost:3000
[2025-05-14 09:34:54] [32minfo[39m: Servidor iniciado en http://localhost:3000
[2025-05-14 10:13:20] [32minfo[39m: Servidor iniciado en http://localhost:3000
[2025-05-14 11:43:14] [32minfo[39m: Servidor iniciado en http://localhost:3000
[2025-05-14 11:44:02] [32minfo[39m: Servidor iniciado en http://localhost:3000
[2025-05-14 13:19:31] [32minfo[39m: Servidor iniciado en http://localhost:3000
[2025-05-14 14:12:06] [32minfo[39m: Servidor iniciado en http://localhost:3000
[2025-05-14 15:47:45] [32minfo[39m: Servidor iniciado en http://localhost:3000
[2025-05-15 11:08:12] [32minfo[39m: Servidor iniciado en http://localhost:3000
[2025-05-15 11:22:55] [32minfo[39m: Servidor iniciado en http://localhost:3000
[2025-05-15 11:40:53] [32minfo[39m: Servidor iniciado en http://localhost:3000
[2025-05-15 11:46:01] [32minfo[39m: Servidor iniciado en http://localhost:3000
[2025-05-15 11:56:17] [32minfo[39m: Servidor iniciado en http://localhost:3000
[2025-05-15 12:06:49] [32minfo[39m: Servidor iniciado en http://localhost:3000
[2025-05-15 12:24:04] [32minfo[39m: Servidor iniciado en http://localhost:3000
[2025-05-15 13:46:02] [32minfo[39m: Servidor iniciado en http://localhost:3000
[2025-05-15 13:52:10] [32minfo[39m: Servidor iniciado en http://localhost:3000
[2025-05-15 14:01:45] [32minfo[39m: Servidor iniciado en http://localhost:3000
[2025-05-15 14:23:50] [32minfo[39m: Servidor iniciado en http://localhost:3000
[2025-05-15 14:35:08] [32minfo[39m: Servidor iniciado en http://localhost:3000
[2025-05-15 14:40:13] [32minfo[39m: Servidor iniciado en http://localhost:3000
[2025-05-15 14:52:47] [32minfo[39m: Servidor iniciado en http://localhost:3000
[2025-05-15 15:03:18] [32minfo[39m: Servidor iniciado en http://localhost:3000
[2025-05-15 15:27:20] [32minfo[39m: Servidor iniciado en http://localhost:3000
[2025-05-15 15:32:35] [32minfo[39m: Servidor iniciado en http://localhost:3000
[2025-05-15 15:38:34] [32minfo[39m: Servidor iniciado en http://localhost:3000
[2025-05-15 17:37:06] [32minfo[39m: Servidor iniciado en http://localhost:3000
[2025-05-15 17:39:15] [32minfo[39m: Servidor iniciado en http://localhost:3000
[2025-05-15 17:44:20] [32minfo[39m: Servidor iniciado en http://localhost:3000
[2025-05-15 17:52:22] [32minfo[39m: Servidor iniciado en http://localhost:3000
[2025-05-15 18:04:20] [32minfo[39m: Servidor iniciado en http://localhost:3000
[2025-05-15 18:13:51] [32minfo[39m: Servidor iniciado en http://localhost:3000
[2025-05-15 18:19:54] [32minfo[39m: Servidor iniciado en http://localhost:3000
[2025-05-15 18:27:02] [32minfo[39m: Servidor iniciado en http://localhost:3000
[2025-05-16 08:50:01] [32minfo[39m: Servidor iniciado en http://localhost:3000
[2025-05-16 09:09:47] [32minfo[39m: Servidor iniciado en http://localhost:3000
[2025-05-16 09:25:10] [32minfo[39m: Servidor iniciado en http://localhost:3000
[2025-05-16 09:27:49] [32minfo[39m: Servidor iniciado en http://localhost:3000
[2025-05-16 09:37:36] [32minfo[39m: Servidor iniciado en http://localhost:3000
[2025-05-16 09:52:00] [32minfo[39m: Servidor iniciado en http://localhost:3000
[2025-05-16 10:13:22] [32minfo[39m: Servidor iniciado en http://localhost:3000
[2025-05-16 10:28:35] [32minfo[39m: Servidor iniciado en http://localhost:3000
[2025-05-16 10:30:10] [32minfo[39m: Servidor iniciado en http://localhost:3000
[2025-05-16 14:30:57] [32minfo[39m: Servidor iniciado en http://localhost:3000
[2025-05-16 14:37:41] [32minfo[39m: Servidor iniciado en http://localhost:3000
[2025-05-16 14:41:15] [32minfo[39m: Servidor iniciado en http://localhost:3000
[2025-05-16 14:53:44] [32minfo[39m: Servidor iniciado en http://localhost:3000
[2025-05-16 18:47:26] [32minfo[39m: Servidor iniciado en http://localhost:3000
[2025-05-16 18:54:41] [32minfo[39m: Servidor iniciado en http://localhost:3000
[2025-05-16 18:59:20] [32minfo[39m: Servidor iniciado en http://localhost:3000
[2025-05-16 19:05:31] [32minfo[39m: Servidor iniciado en http://localhost:3000
[2025-05-16 19:08:46] [32minfo[39m: Servidor iniciado en http://localhost:3000
[2025-05-16 19:13:04] [32minfo[39m: Servidor iniciado en http://localhost:3000
[2025-05-16 19:17:33] [32minfo[39m: Servidor iniciado en http://localhost:3000
[2025-05-16 19:22:28] [32minfo[39m: Servidor iniciado en http://localhost:3000
[2025-05-16 19:28:07] [32minfo[39m: Servidor iniciado en http://localhost:3000
[2025-05-16 19:32:44] [32minfo[39m: Servidor iniciado en http://localhost:3000
[2025-05-16 19:36:30] [32minfo[39m: Servidor iniciado en http://localhost:3000
